src/outputs/logs/manifest-merger-debug-report.txt
-- Merging decision tree log ---
manifest
ADDED from src\main\AndroidManifest.xml:2:1-56:12
INJECTED from src\main\AndroidManifest.xml:2:1-56:12
INJECTED from src\main\AndroidManifest.xml:2:1-56:12
INJECTED from src\main\AndroidManifest.xml:2:1-56:12
MERGED from [org.altbeacon:android-beacon-library:2.21.1] AndroidManifest.xml:2:1-60:12
MERGED from [androidx.appcompat:appcompat:1.2.0] AndroidManifest.xml:17:1-24:12
MERGED from [androidx.compose.material3:material3-android:1.2.1] AndroidManifest.xml:17:1-22:12
MERGED from [androidx.compose.material:material-android:1.6.6] AndroidManifest.xml:2:1-7:12
MERGED from [androidx.compose.material:material-icons-core-android:1.6.6] AndroidManifest.xml:2:1-7:12
MERGED from [androidx.compose.material:material-ripple-android:1.6.6] AndroidManifest.xml:2:1-7:12
MERGED from [androidx.compose.foundation:foundation-android:1.6.6] AndroidManifest.xml:2:1-7:12
MERGED from [androidx.compose.animation:animation-android:1.6.6] AndroidManifest.xml:2:1-7:12
MERGED from [androidx.compose.foundation:foundation-layout-android:1.6.6] AndroidManifest.xml:2:1-7:12
MERGED from [androidx.compose.animation:animation-core-android:1.6.6] AndroidManifest.xml:2:1-7:12
MERGED from [androidx.compose.ui:ui-tooling-data-android:1.6.6] AndroidManifest.xml:2:1-7:12
MERGED from [androidx.compose.ui:ui-unit-android:1.6.6] AndroidManifest.xml:2:1-7:12
MERGED from [androidx.compose.ui:ui-geometry-android:1.6.6] AndroidManifest.xml:2:1-7:12
MERGED from [androidx.compose.ui:ui-util-android:1.6.6] AndroidManifest.xml:2:1-7:12
MERGED from [androidx.compose.ui:ui-text-android:1.6.6] AndroidManifest.xml:2:1-7:12
MERGED from [androidx.compose.ui:ui-tooling-preview-android:1.6.6] AndroidManifest.xml:17:1-22:12
MERGED from [androidx.compose.ui:ui-graphics-android:1.6.6] AndroidManifest.xml:2:1-7:12
MERGED from [androidx.compose.ui:ui-android:1.6.6] AndroidManifest.xml:2:1-7:12
MERGED from [androidx.compose.ui:ui-test-manifest:1.6.6] AndroidManifest.xml:17:1-28:12
MERGED from [androidx.compose.ui:ui-tooling-android:1.6.6] AndroidManifest.xml:17:1-28:12
MERGED from [androidx.activity:activity-compose:1.9.3] AndroidManifest.xml:2:1-7:12
MERGED from [androidx.activity:activity-ktx:1.9.3] AndroidManifest.xml:2:1-7:12
MERGED from [androidx.fragment:fragment:1.1.0] AndroidManifest.xml:17:1-24:12
MERGED from [androidx.activity:activity:1.9.3] AndroidManifest.xml:17:1-22:12
MERGED from [androidx.appcompat:appcompat-resources:1.2.0] AndroidManifest.xml:17:1-24:12
MERGED from [androidx.drawerlayout:drawerlayout:1.0.0] AndroidManifest.xml:17:1-22:12
MERGED from [androidx.autofill:autofill:1.0.0] AndroidManifest.xml:17:1-24:12
MERGED from [androidx.viewpager:viewpager:1.0.0] AndroidManifest.xml:17:1-22:12
MERGED from [androidx.loader:loader:1.0.0] AndroidManifest.xml:17:1-22:12
MERGED from [androidx.vectordrawable:vectordrawable-animated:1.1.0] AndroidManifest.xml:17:1-24:12
MERGED from [androidx.vectordrawable:vectordrawable:1.1.0] AndroidManifest.xml:17:1-24:12
MERGED from [androidx.customview:customview:1.0.0] AndroidManifest.xml:17:1-22:12
MERGED from [androidx.emoji2:emoji2:1.3.0] AndroidManifest.xml:17:1-35:12
MERGED from [androidx.core:core:1.13.1] AndroidManifest.xml:17:1-30:12
MERGED from [androidx.savedstate:savedstate-ktx:1.2.1] AndroidManifest.xml:17:1-22:12
MERGED from [androidx.savedstate:savedstate:1.2.1] AndroidManifest.xml:17:1-22:12
MERGED from [androidx.lifecycle:lifecycle-livedata-core-ktx:2.8.7] AndroidManifest.xml:2:1-7:12
MERGED from [androidx.lifecycle:lifecycle-livedata:2.8.7] AndroidManifest.xml:17:1-22:12
MERGED from [androidx.lifecycle:lifecycle-livedata-core:2.8.7] AndroidManifest.xml:17:1-22:12
MERGED from [androidx.lifecycle:lifecycle-viewmodel:2.8.7] AndroidManifest.xml:2:1-5:12
MERGED from [androidx.lifecycle:lifecycle-viewmodel-android:2.8.7] AndroidManifest.xml:17:1-22:12
MERGED from [androidx.lifecycle:lifecycle-runtime-android:2.8.7] AndroidManifest.xml:17:1-22:12
MERGED from [androidx.lifecycle:lifecycle-viewmodel-ktx:2.8.7] AndroidManifest.xml:2:1-7:12
MERGED from [androidx.lifecycle:lifecycle-runtime-ktx-android:2.8.7] AndroidManifest.xml:2:1-7:12
MERGED from [androidx.lifecycle:lifecycle-process:2.8.7] AndroidManifest.xml:17:1-35:12
MERGED from [androidx.lifecycle:lifecycle-viewmodel-savedstate:2.8.7] AndroidManifest.xml:17:1-22:12
MERGED from [androidx.customview:customview-poolingcontainer:1.0.0] AndroidManifest.xml:17:1-23:12
MERGED from [androidx.core:core-ktx:1.13.1] AndroidManifest.xml:2:1-7:12
MERGED from [androidx.annotation:annotation-experimental:1.4.0] AndroidManifest.xml:2:1-7:12
MERGED from [androidx.compose.runtime:runtime-saveable-android:1.6.6] AndroidManifest.xml:2:1-7:12
MERGED from [androidx.compose.runtime:runtime-android:1.6.6] AndroidManifest.xml:2:1-7:12
MERGED from [androidx.versionedparcelable:versionedparcelable:1.1.1] AndroidManifest.xml:17:1-27:12
MERGED from [androidx.interpolator:interpolator:1.0.0] AndroidManifest.xml:17:1-22:12
MERGED from [androidx.cursoradapter:cursoradapter:1.0.0] AndroidManifest.xml:17:1-22:12
MERGED from [androidx.profileinstaller:profileinstaller:1.3.1] AndroidManifest.xml:17:1-55:12
MERGED from [androidx.startup:startup-runtime:1.1.1] AndroidManifest.xml:17:1-33:12
MERGED from [androidx.tracing:tracing:1.0.0] AndroidManifest.xml:17:1-24:12
MERGED from [androidx.arch.core:core-runtime:2.2.0] AndroidManifest.xml:17:1-22:12
	package
		INJECTED from src\main\AndroidManifest.xml
	android:versionName
		INJECTED from src\main\AndroidManifest.xml
	xmlns:tools
		ADDED from src\main\AndroidManifest.xml:3:5-51
	android:versionCode
		INJECTED from src\main\AndroidManifest.xml
	xmlns:android
		ADDED from src\main\AndroidManifest.xml:2:11-69
uses-feature#android.hardware.bluetooth_le
ADDED from src\main\AndroidManifest.xml:6:5-90
	android:required
		ADDED from src\main\AndroidManifest.xml:6:64-87
	android:name
		ADDED from src\main\AndroidManifest.xml:6:19-63
uses-permission#android.permission.BLUETOOTH_SCAN
ADDED from src\main\AndroidManifest.xml:9:5-73
	android:name
		ADDED from src\main\AndroidManifest.xml:9:22-70
uses-permission#android.permission.BLUETOOTH_CONNECT
ADDED from src\main\AndroidManifest.xml:10:5-76
	android:name
		ADDED from src\main\AndroidManifest.xml:10:22-73
uses-permission#android.permission.BLUETOOTH_ADVERTISE
ADDED from src\main\AndroidManifest.xml:11:5-78
	android:name
		ADDED from src\main\AndroidManifest.xml:11:22-75
uses-permission#android.permission.BLUETOOTH
ADDED from src\main\AndroidManifest.xml:14:5-68
MERGED from [org.altbeacon:android-beacon-library:2.21.1] AndroidManifest.xml:7:5-9:36
MERGED from [org.altbeacon:android-beacon-library:2.21.1] AndroidManifest.xml:7:5-9:36
	android:required
		ADDED from [org.altbeacon:android-beacon-library:2.21.1] AndroidManifest.xml:9:9-33
	android:name
		ADDED from src\main\AndroidManifest.xml:14:22-65
uses-permission#android.permission.BLUETOOTH_ADMIN
ADDED from src\main\AndroidManifest.xml:15:5-74
MERGED from [org.altbeacon:android-beacon-library:2.21.1] AndroidManifest.xml:10:5-12:36
MERGED from [org.altbeacon:android-beacon-library:2.21.1] AndroidManifest.xml:10:5-12:36
	android:required
		ADDED from [org.altbeacon:android-beacon-library:2.21.1] AndroidManifest.xml:12:9-33
	android:name
		ADDED from src\main\AndroidManifest.xml:15:22-71
uses-permission#android.permission.ACCESS_FINE_LOCATION
ADDED from src\main\AndroidManifest.xml:18:5-79
	android:name
		ADDED from src\main\AndroidManifest.xml:18:22-76
uses-permission#android.permission.ACCESS_COARSE_LOCATION
ADDED from src\main\AndroidManifest.xml:19:5-81
MERGED from [org.altbeacon:android-beacon-library:2.21.1] AndroidManifest.xml:15:5-81
MERGED from [org.altbeacon:android-beacon-library:2.21.1] AndroidManifest.xml:15:5-81
	android:name
		ADDED from src\main\AndroidManifest.xml:19:22-78
uses-permission#android.permission.FOREGROUND_SERVICE
ADDED from src\main\AndroidManifest.xml:24:5-77
	android:name
		ADDED from src\main\AndroidManifest.xml:24:22-74
uses-permission#android.permission.FOREGROUND_SERVICE_LOCATION
ADDED from src\main\AndroidManifest.xml:25:5-86
MERGED from [org.altbeacon:android-beacon-library:2.21.1] AndroidManifest.xml:13:5-86
MERGED from [org.altbeacon:android-beacon-library:2.21.1] AndroidManifest.xml:13:5-86
	android:name
		ADDED from src\main\AndroidManifest.xml:25:22-83
uses-permission#android.permission.FOREGROUND_SERVICE_CONNECTED_DEVICE
ADDED from src\main\AndroidManifest.xml:26:5-94
	android:name
		ADDED from src\main\AndroidManifest.xml:26:22-91
uses-permission#android.permission.FOREGROUND_SERVICE_DATA_SYNC
ADDED from src\main\AndroidManifest.xml:27:5-87
	android:name
		ADDED from src\main\AndroidManifest.xml:27:22-84
uses-permission#android.permission.WAKE_LOCK
ADDED from src\main\AndroidManifest.xml:30:5-68
	android:name
		ADDED from src\main\AndroidManifest.xml:30:22-65
uses-permission#android.permission.INTERNET
ADDED from src\main\AndroidManifest.xml:33:5-67
	android:name
		ADDED from src\main\AndroidManifest.xml:33:22-64
uses-permission#android.permission.POST_NOTIFICATIONS
ADDED from src\main\AndroidManifest.xml:36:5-77
	android:name
		ADDED from src\main\AndroidManifest.xml:36:22-74
application
ADDED from src\main\AndroidManifest.xml:38:5-55:19
INJECTED from src\main\AndroidManifest.xml:38:5-55:19
MERGED from [org.altbeacon:android-beacon-library:2.21.1] AndroidManifest.xml:17:5-58:19
MERGED from [org.altbeacon:android-beacon-library:2.21.1] AndroidManifest.xml:17:5-58:19
MERGED from [androidx.compose.ui:ui-test-manifest:1.6.6] AndroidManifest.xml:22:5-26:19
MERGED from [androidx.compose.ui:ui-test-manifest:1.6.6] AndroidManifest.xml:22:5-26:19
MERGED from [androidx.compose.ui:ui-tooling-android:1.6.6] AndroidManifest.xml:22:5-26:19
MERGED from [androidx.compose.ui:ui-tooling-android:1.6.6] AndroidManifest.xml:22:5-26:19
MERGED from [androidx.emoji2:emoji2:1.3.0] AndroidManifest.xml:23:5-33:19
MERGED from [androidx.emoji2:emoji2:1.3.0] AndroidManifest.xml:23:5-33:19
MERGED from [androidx.core:core:1.13.1] AndroidManifest.xml:28:5-89
MERGED from [androidx.core:core:1.13.1] AndroidManifest.xml:28:5-89
MERGED from [androidx.lifecycle:lifecycle-process:2.8.7] AndroidManifest.xml:23:5-33:19
MERGED from [androidx.lifecycle:lifecycle-process:2.8.7] AndroidManifest.xml:23:5-33:19
MERGED from [androidx.versionedparcelable:versionedparcelable:1.1.1] AndroidManifest.xml:24:5-25:19
MERGED from [androidx.versionedparcelable:versionedparcelable:1.1.1] AndroidManifest.xml:24:5-25:19
MERGED from [androidx.profileinstaller:profileinstaller:1.3.1] AndroidManifest.xml:23:5-53:19
MERGED from [androidx.profileinstaller:profileinstaller:1.3.1] AndroidManifest.xml:23:5-53:19
MERGED from [androidx.startup:startup-runtime:1.1.1] AndroidManifest.xml:25:5-31:19
MERGED from [androidx.startup:startup-runtime:1.1.1] AndroidManifest.xml:25:5-31:19
	android:extractNativeLibs
		INJECTED from src\main\AndroidManifest.xml
	android:appComponentFactory
		ADDED from [androidx.core:core:1.13.1] AndroidManifest.xml:28:18-86
	android:label
		ADDED from src\main\AndroidManifest.xml:41:9-41
	tools:targetApi
		ADDED from src\main\AndroidManifest.xml:43:9-29
	android:allowBackup
		ADDED from src\main\AndroidManifest.xml:40:9-35
	android:theme
		ADDED from src\main\AndroidManifest.xml:42:9-48
	android:name
		ADDED from src\main\AndroidManifest.xml:39:9-30
activity#com.example.blescanner.MainActivity
ADDED from src\main\AndroidManifest.xml:45:9-52:20
	android:exported
		ADDED from src\main\AndroidManifest.xml:47:13-36
	android:name
		ADDED from src\main\AndroidManifest.xml:46:13-41
intent-filter#action:name:android.intent.action.MAIN+category:name:android.intent.category.LAUNCHER
ADDED from src\main\AndroidManifest.xml:48:13-51:29
action#android.intent.action.MAIN
ADDED from src\main\AndroidManifest.xml:49:17-69
	android:name
		ADDED from src\main\AndroidManifest.xml:49:25-66
category#android.intent.category.LAUNCHER
ADDED from src\main\AndroidManifest.xml:50:17-77
	android:name
		ADDED from src\main\AndroidManifest.xml:50:27-74
uses-sdk
INJECTED from src\main\AndroidManifest.xml reason: use-sdk injection requested
INJECTED from src\main\AndroidManifest.xml
INJECTED from src\main\AndroidManifest.xml
MERGED from [org.altbeacon:android-beacon-library:2.21.1] AndroidManifest.xml:5:5-44
MERGED from [org.altbeacon:android-beacon-library:2.21.1] AndroidManifest.xml:5:5-44
MERGED from [androidx.appcompat:appcompat:1.2.0] AndroidManifest.xml:20:5-22:41
MERGED from [androidx.appcompat:appcompat:1.2.0] AndroidManifest.xml:20:5-22:41
MERGED from [androidx.compose.material3:material3-android:1.2.1] AndroidManifest.xml:20:5-44
MERGED from [androidx.compose.material3:material3-android:1.2.1] AndroidManifest.xml:20:5-44
MERGED from [androidx.compose.material:material-android:1.6.6] AndroidManifest.xml:5:5-44
MERGED from [androidx.compose.material:material-android:1.6.6] AndroidManifest.xml:5:5-44
MERGED from [androidx.compose.material:material-icons-core-android:1.6.6] AndroidManifest.xml:5:5-44
MERGED from [androidx.compose.material:material-icons-core-android:1.6.6] AndroidManifest.xml:5:5-44
MERGED from [androidx.compose.material:material-ripple-android:1.6.6] AndroidManifest.xml:5:5-44
MERGED from [androidx.compose.material:material-ripple-android:1.6.6] AndroidManifest.xml:5:5-44
MERGED from [androidx.compose.foundation:foundation-android:1.6.6] AndroidManifest.xml:5:5-44
MERGED from [androidx.compose.foundation:foundation-android:1.6.6] AndroidManifest.xml:5:5-44
MERGED from [androidx.compose.animation:animation-android:1.6.6] AndroidManifest.xml:5:5-44
MERGED from [androidx.compose.animation:animation-android:1.6.6] AndroidManifest.xml:5:5-44
MERGED from [androidx.compose.foundation:foundation-layout-android:1.6.6] AndroidManifest.xml:5:5-44
MERGED from [androidx.compose.foundation:foundation-layout-android:1.6.6] AndroidManifest.xml:5:5-44
MERGED from [androidx.compose.animation:animation-core-android:1.6.6] AndroidManifest.xml:5:5-44
MERGED from [androidx.compose.animation:animation-core-android:1.6.6] AndroidManifest.xml:5:5-44
MERGED from [androidx.compose.ui:ui-tooling-data-android:1.6.6] AndroidManifest.xml:5:5-44
MERGED from [androidx.compose.ui:ui-tooling-data-android:1.6.6] AndroidManifest.xml:5:5-44
MERGED from [androidx.compose.ui:ui-unit-android:1.6.6] AndroidManifest.xml:5:5-44
MERGED from [androidx.compose.ui:ui-unit-android:1.6.6] AndroidManifest.xml:5:5-44
MERGED from [androidx.compose.ui:ui-geometry-android:1.6.6] AndroidManifest.xml:5:5-44
MERGED from [androidx.compose.ui:ui-geometry-android:1.6.6] AndroidManifest.xml:5:5-44
MERGED from [androidx.compose.ui:ui-util-android:1.6.6] AndroidManifest.xml:5:5-44
MERGED from [androidx.compose.ui:ui-util-android:1.6.6] AndroidManifest.xml:5:5-44
MERGED from [androidx.compose.ui:ui-text-android:1.6.6] AndroidManifest.xml:5:5-44
MERGED from [androidx.compose.ui:ui-text-android:1.6.6] AndroidManifest.xml:5:5-44
MERGED from [androidx.compose.ui:ui-tooling-preview-android:1.6.6] AndroidManifest.xml:20:5-44
MERGED from [androidx.compose.ui:ui-tooling-preview-android:1.6.6] AndroidManifest.xml:20:5-44
MERGED from [androidx.compose.ui:ui-graphics-android:1.6.6] AndroidManifest.xml:5:5-44
MERGED from [androidx.compose.ui:ui-graphics-android:1.6.6] AndroidManifest.xml:5:5-44
MERGED from [androidx.compose.ui:ui-android:1.6.6] AndroidManifest.xml:5:5-44
MERGED from [androidx.compose.ui:ui-android:1.6.6] AndroidManifest.xml:5:5-44
MERGED from [androidx.compose.ui:ui-test-manifest:1.6.6] AndroidManifest.xml:20:5-44
MERGED from [androidx.compose.ui:ui-test-manifest:1.6.6] AndroidManifest.xml:20:5-44
MERGED from [androidx.compose.ui:ui-tooling-android:1.6.6] AndroidManifest.xml:20:5-44
MERGED from [androidx.compose.ui:ui-tooling-android:1.6.6] AndroidManifest.xml:20:5-44
MERGED from [androidx.activity:activity-compose:1.9.3] AndroidManifest.xml:5:5-44
MERGED from [androidx.activity:activity-compose:1.9.3] AndroidManifest.xml:5:5-44
MERGED from [androidx.activity:activity-ktx:1.9.3] AndroidManifest.xml:5:5-44
MERGED from [androidx.activity:activity-ktx:1.9.3] AndroidManifest.xml:5:5-44
MERGED from [androidx.fragment:fragment:1.1.0] AndroidManifest.xml:20:5-22:41
MERGED from [androidx.fragment:fragment:1.1.0] AndroidManifest.xml:20:5-22:41
MERGED from [androidx.activity:activity:1.9.3] AndroidManifest.xml:20:5-44
MERGED from [androidx.activity:activity:1.9.3] AndroidManifest.xml:20:5-44
MERGED from [androidx.appcompat:appcompat-resources:1.2.0] AndroidManifest.xml:20:5-22:41
MERGED from [androidx.appcompat:appcompat-resources:1.2.0] AndroidManifest.xml:20:5-22:41
MERGED from [androidx.drawerlayout:drawerlayout:1.0.0] AndroidManifest.xml:20:5-44
MERGED from [androidx.drawerlayout:drawerlayout:1.0.0] AndroidManifest.xml:20:5-44
MERGED from [androidx.autofill:autofill:1.0.0] AndroidManifest.xml:20:5-22:41
MERGED from [androidx.autofill:autofill:1.0.0] AndroidManifest.xml:20:5-22:41
MERGED from [androidx.viewpager:viewpager:1.0.0] AndroidManifest.xml:20:5-44
MERGED from [androidx.viewpager:viewpager:1.0.0] AndroidManifest.xml:20:5-44
MERGED from [androidx.loader:loader:1.0.0] AndroidManifest.xml:20:5-44
MERGED from [androidx.loader:loader:1.0.0] AndroidManifest.xml:20:5-44
MERGED from [androidx.vectordrawable:vectordrawable-animated:1.1.0] AndroidManifest.xml:20:5-22:41
MERGED from [androidx.vectordrawable:vectordrawable-animated:1.1.0] AndroidManifest.xml:20:5-22:41
MERGED from [androidx.vectordrawable:vectordrawable:1.1.0] AndroidManifest.xml:20:5-22:41
MERGED from [androidx.vectordrawable:vectordrawable:1.1.0] AndroidManifest.xml:20:5-22:41
MERGED from [androidx.customview:customview:1.0.0] AndroidManifest.xml:20:5-44
MERGED from [androidx.customview:customview:1.0.0] AndroidManifest.xml:20:5-44
MERGED from [androidx.emoji2:emoji2:1.3.0] AndroidManifest.xml:21:5-44
MERGED from [androidx.emoji2:emoji2:1.3.0] AndroidManifest.xml:21:5-44
MERGED from [androidx.core:core:1.13.1] AndroidManifest.xml:20:5-44
MERGED from [androidx.core:core:1.13.1] AndroidManifest.xml:20:5-44
MERGED from [androidx.savedstate:savedstate-ktx:1.2.1] AndroidManifest.xml:20:5-44
MERGED from [androidx.savedstate:savedstate-ktx:1.2.1] AndroidManifest.xml:20:5-44
MERGED from [androidx.savedstate:savedstate:1.2.1] AndroidManifest.xml:20:5-44
MERGED from [androidx.savedstate:savedstate:1.2.1] AndroidManifest.xml:20:5-44
MERGED from [androidx.lifecycle:lifecycle-livedata-core-ktx:2.8.7] AndroidManifest.xml:5:5-44
MERGED from [androidx.lifecycle:lifecycle-livedata-core-ktx:2.8.7] AndroidManifest.xml:5:5-44
MERGED from [androidx.lifecycle:lifecycle-livedata:2.8.7] AndroidManifest.xml:20:5-44
MERGED from [androidx.lifecycle:lifecycle-livedata:2.8.7] AndroidManifest.xml:20:5-44
MERGED from [androidx.lifecycle:lifecycle-livedata-core:2.8.7] AndroidManifest.xml:20:5-44
MERGED from [androidx.lifecycle:lifecycle-livedata-core:2.8.7] AndroidManifest.xml:20:5-44
MERGED from [androidx.lifecycle:lifecycle-viewmodel:2.8.7] AndroidManifest.xml:4:5-43
MERGED from [androidx.lifecycle:lifecycle-viewmodel:2.8.7] AndroidManifest.xml:4:5-43
MERGED from [androidx.lifecycle:lifecycle-viewmodel-android:2.8.7] AndroidManifest.xml:20:5-44
MERGED from [androidx.lifecycle:lifecycle-viewmodel-android:2.8.7] AndroidManifest.xml:20:5-44
MERGED from [androidx.lifecycle:lifecycle-runtime-android:2.8.7] AndroidManifest.xml:20:5-44
MERGED from [androidx.lifecycle:lifecycle-runtime-android:2.8.7] AndroidManifest.xml:20:5-44
MERGED from [androidx.lifecycle:lifecycle-viewmodel-ktx:2.8.7] AndroidManifest.xml:5:5-44
MERGED from [androidx.lifecycle:lifecycle-viewmodel-ktx:2.8.7] AndroidManifest.xml:5:5-44
MERGED from [androidx.lifecycle:lifecycle-runtime-ktx-android:2.8.7] AndroidManifest.xml:5:5-44
MERGED from [androidx.lifecycle:lifecycle-runtime-ktx-android:2.8.7] AndroidManifest.xml:5:5-44
MERGED from [androidx.lifecycle:lifecycle-process:2.8.7] AndroidManifest.xml:21:5-44
MERGED from [androidx.lifecycle:lifecycle-process:2.8.7] AndroidManifest.xml:21:5-44
MERGED from [androidx.lifecycle:lifecycle-viewmodel-savedstate:2.8.7] AndroidManifest.xml:20:5-44
MERGED from [androidx.lifecycle:lifecycle-viewmodel-savedstate:2.8.7] AndroidManifest.xml:20:5-44
MERGED from [androidx.customview:customview-poolingcontainer:1.0.0] AndroidManifest.xml:20:5-21:38
MERGED from [androidx.customview:customview-poolingcontainer:1.0.0] AndroidManifest.xml:20:5-21:38
MERGED from [androidx.core:core-ktx:1.13.1] AndroidManifest.xml:5:5-44
MERGED from [androidx.core:core-ktx:1.13.1] AndroidManifest.xml:5:5-44
MERGED from [androidx.annotation:annotation-experimental:1.4.0] AndroidManifest.xml:5:5-44
MERGED from [androidx.annotation:annotation-experimental:1.4.0] AndroidManifest.xml:5:5-44
MERGED from [androidx.compose.runtime:runtime-saveable-android:1.6.6] AndroidManifest.xml:5:5-44
MERGED from [androidx.compose.runtime:runtime-saveable-android:1.6.6] AndroidManifest.xml:5:5-44
MERGED from [androidx.compose.runtime:runtime-android:1.6.6] AndroidManifest.xml:5:5-44
MERGED from [androidx.compose.runtime:runtime-android:1.6.6] AndroidManifest.xml:5:5-44
MERGED from [androidx.versionedparcelable:versionedparcelable:1.1.1] AndroidManifest.xml:20:5-22:41
MERGED from [androidx.versionedparcelable:versionedparcelable:1.1.1] AndroidManifest.xml:20:5-22:41
MERGED from [androidx.interpolator:interpolator:1.0.0] AndroidManifest.xml:20:5-44
MERGED from [androidx.interpolator:interpolator:1.0.0] AndroidManifest.xml:20:5-44
MERGED from [androidx.cursoradapter:cursoradapter:1.0.0] AndroidManifest.xml:20:5-44
MERGED from [androidx.cursoradapter:cursoradapter:1.0.0] AndroidManifest.xml:20:5-44
MERGED from [androidx.profileinstaller:profileinstaller:1.3.1] AndroidManifest.xml:21:5-44
MERGED from [androidx.profileinstaller:profileinstaller:1.3.1] AndroidManifest.xml:21:5-44
MERGED from [androidx.startup:startup-runtime:1.1.1] AndroidManifest.xml:21:5-23:41
MERGED from [androidx.startup:startup-runtime:1.1.1] AndroidManifest.xml:21:5-23:41
MERGED from [androidx.tracing:tracing:1.0.0] AndroidManifest.xml:20:5-22:41
MERGED from [androidx.tracing:tracing:1.0.0] AndroidManifest.xml:20:5-22:41
MERGED from [androidx.arch.core:core-runtime:2.2.0] AndroidManifest.xml:20:5-44
MERGED from [androidx.arch.core:core-runtime:2.2.0] AndroidManifest.xml:20:5-44
	android:targetSdkVersion
		INJECTED from src\main\AndroidManifest.xml
	android:minSdkVersion
		INJECTED from src\main\AndroidManifest.xml
uses-permission#android.permission.RECEIVE_BOOT_COMPLETED
ADDED from [org.altbeacon:android-beacon-library:2.21.1] AndroidManifest.xml:14:5-81
	android:name
		ADDED from [org.altbeacon:android-beacon-library:2.21.1] AndroidManifest.xml:14:22-78
receiver#org.altbeacon.beacon.startup.StartupBroadcastReceiver
ADDED from [org.altbeacon:android-beacon-library:2.21.1] AndroidManifest.xml:18:9-26:20
	android:exported
		ADDED from [org.altbeacon:android-beacon-library:2.21.1] AndroidManifest.xml:20:13-37
	android:name
		ADDED from [org.altbeacon:android-beacon-library:2.21.1] AndroidManifest.xml:19:13-81
intent-filter#action:name:android.intent.action.ACTION_POWER_CONNECTED+action:name:android.intent.action.ACTION_POWER_DISCONNECTED+action:name:android.intent.action.BOOT_COMPLETED
ADDED from [org.altbeacon:android-beacon-library:2.21.1] AndroidManifest.xml:21:13-25:29
action#android.intent.action.BOOT_COMPLETED
ADDED from [org.altbeacon:android-beacon-library:2.21.1] AndroidManifest.xml:22:17-79
	android:name
		ADDED from [org.altbeacon:android-beacon-library:2.21.1] AndroidManifest.xml:22:25-76
action#android.intent.action.ACTION_POWER_CONNECTED
ADDED from [org.altbeacon:android-beacon-library:2.21.1] AndroidManifest.xml:23:17-87
	android:name
		ADDED from [org.altbeacon:android-beacon-library:2.21.1] AndroidManifest.xml:23:25-84
action#android.intent.action.ACTION_POWER_DISCONNECTED
ADDED from [org.altbeacon:android-beacon-library:2.21.1] AndroidManifest.xml:24:17-90
	android:name
		ADDED from [org.altbeacon:android-beacon-library:2.21.1] AndroidManifest.xml:24:25-87
service#org.altbeacon.beacon.service.BeaconService
ADDED from [org.altbeacon:android-beacon-library:2.21.1] AndroidManifest.xml:28:9-34:38
	android:enabled
		ADDED from [org.altbeacon:android-beacon-library:2.21.1] AndroidManifest.xml:30:13-35
	android:label
		ADDED from [org.altbeacon:android-beacon-library:2.21.1] AndroidManifest.xml:34:13-35
	android:exported
		ADDED from [org.altbeacon:android-beacon-library:2.21.1] AndroidManifest.xml:31:13-37
	android:isolatedProcess
		ADDED from [org.altbeacon:android-beacon-library:2.21.1] AndroidManifest.xml:33:13-44
	android:foregroundServiceType
		ADDED from [org.altbeacon:android-beacon-library:2.21.1] AndroidManifest.xml:32:13-53
	android:name
		ADDED from [org.altbeacon:android-beacon-library:2.21.1] AndroidManifest.xml:29:13-70
service#org.altbeacon.beacon.BeaconIntentProcessor
ADDED from [org.altbeacon:android-beacon-library:2.21.1] AndroidManifest.xml:35:9-38:40
	android:enabled
		ADDED from [org.altbeacon:android-beacon-library:2.21.1] AndroidManifest.xml:37:13-35
	android:exported
		ADDED from [org.altbeacon:android-beacon-library:2.21.1] AndroidManifest.xml:38:13-37
	android:name
		ADDED from [org.altbeacon:android-beacon-library:2.21.1] AndroidManifest.xml:36:13-70
service#org.altbeacon.beacon.service.ScanJob
ADDED from [org.altbeacon:android-beacon-library:2.21.1] AndroidManifest.xml:39:9-49:19
	android:exported
		ADDED from [org.altbeacon:android-beacon-library:2.21.1] AndroidManifest.xml:41:13-37
	android:permission
		ADDED from [org.altbeacon:android-beacon-library:2.21.1] AndroidManifest.xml:42:13-69
	android:name
		ADDED from [org.altbeacon:android-beacon-library:2.21.1] AndroidManifest.xml:40:13-64
meta-data#immediateScanJobId
ADDED from [org.altbeacon:android-beacon-library:2.21.1] AndroidManifest.xml:43:13-45:45
	android:value
		ADDED from [org.altbeacon:android-beacon-library:2.21.1] AndroidManifest.xml:45:17-42
	android:name
		ADDED from [org.altbeacon:android-beacon-library:2.21.1] AndroidManifest.xml:44:17-50
meta-data#periodicScanJobId
ADDED from [org.altbeacon:android-beacon-library:2.21.1] AndroidManifest.xml:46:13-48:45
	android:value
		ADDED from [org.altbeacon:android-beacon-library:2.21.1] AndroidManifest.xml:48:17-42
	android:name
		ADDED from [org.altbeacon:android-beacon-library:2.21.1] AndroidManifest.xml:47:17-49
service#org.altbeacon.bluetooth.BluetoothTestJob
ADDED from [org.altbeacon:android-beacon-library:2.21.1] AndroidManifest.xml:50:9-57:19
	android:exported
		ADDED from [org.altbeacon:android-beacon-library:2.21.1] AndroidManifest.xml:52:13-37
	android:permission
		ADDED from [org.altbeacon:android-beacon-library:2.21.1] AndroidManifest.xml:53:13-69
	android:name
		ADDED from [org.altbeacon:android-beacon-library:2.21.1] AndroidManifest.xml:51:13-68
meta-data#jobId
ADDED from [org.altbeacon:android-beacon-library:2.21.1] AndroidManifest.xml:54:13-56:46
	android:value
		ADDED from [org.altbeacon:android-beacon-library:2.21.1] AndroidManifest.xml:56:17-43
	android:name
		ADDED from [org.altbeacon:android-beacon-library:2.21.1] AndroidManifest.xml:55:17-37
activity#androidx.activity.ComponentActivity
ADDED from [androidx.compose.ui:ui-test-manifest:1.6.6] AndroidManifest.xml:23:9-25:39
	android:exported
		ADDED from [androidx.compose.ui:ui-test-manifest:1.6.6] AndroidManifest.xml:25:13-36
	android:name
		ADDED from [androidx.compose.ui:ui-test-manifest:1.6.6] AndroidManifest.xml:24:13-63
activity#androidx.compose.ui.tooling.PreviewActivity
ADDED from [androidx.compose.ui:ui-tooling-android:1.6.6] AndroidManifest.xml:23:9-25:39
	android:exported
		ADDED from [androidx.compose.ui:ui-tooling-android:1.6.6] AndroidManifest.xml:25:13-36
	android:name
		ADDED from [androidx.compose.ui:ui-tooling-android:1.6.6] AndroidManifest.xml:24:13-71
provider#androidx.startup.InitializationProvider
ADDED from [androidx.emoji2:emoji2:1.3.0] AndroidManifest.xml:24:9-32:20
MERGED from [androidx.lifecycle:lifecycle-process:2.8.7] AndroidManifest.xml:24:9-32:20
MERGED from [androidx.lifecycle:lifecycle-process:2.8.7] AndroidManifest.xml:24:9-32:20
MERGED from [androidx.profileinstaller:profileinstaller:1.3.1] AndroidManifest.xml:24:9-32:20
MERGED from [androidx.profileinstaller:profileinstaller:1.3.1] AndroidManifest.xml:24:9-32:20
MERGED from [androidx.startup:startup-runtime:1.1.1] AndroidManifest.xml:26:9-30:34
MERGED from [androidx.startup:startup-runtime:1.1.1] AndroidManifest.xml:26:9-30:34
	tools:node
		ADDED from [androidx.emoji2:emoji2:1.3.0] AndroidManifest.xml:28:13-31
	android:authorities
		ADDED from [androidx.emoji2:emoji2:1.3.0] AndroidManifest.xml:26:13-68
	android:exported
		ADDED from [androidx.emoji2:emoji2:1.3.0] AndroidManifest.xml:27:13-37
	android:name
		ADDED from [androidx.emoji2:emoji2:1.3.0] AndroidManifest.xml:25:13-67
meta-data#androidx.emoji2.text.EmojiCompatInitializer
ADDED from [androidx.emoji2:emoji2:1.3.0] AndroidManifest.xml:29:13-31:52
	android:value
		ADDED from [androidx.emoji2:emoji2:1.3.0] AndroidManifest.xml:31:17-49
	android:name
		ADDED from [androidx.emoji2:emoji2:1.3.0] AndroidManifest.xml:30:17-75
permission#${applicationId}.DYNAMIC_RECEIVER_NOT_EXPORTED_PERMISSION
ADDED from [androidx.core:core:1.13.1] AndroidManifest.xml:22:5-24:47
	android:protectionLevel
		ADDED from [androidx.core:core:1.13.1] AndroidManifest.xml:24:9-44
	android:name
		ADDED from [androidx.core:core:1.13.1] AndroidManifest.xml:23:9-81
permission#com.example.blescanner.DYNAMIC_RECEIVER_NOT_EXPORTED_PERMISSION
ADDED from [androidx.core:core:1.13.1] AndroidManifest.xml:22:5-24:47
	android:protectionLevel
		ADDED from [androidx.core:core:1.13.1] AndroidManifest.xml:24:9-44
	android:name
		ADDED from [androidx.core:core:1.13.1] AndroidManifest.xml:23:9-81
uses-permission#${applicationId}.DYNAMIC_RECEIVER_NOT_EXPORTED_PERMISSION
ADDED from [androidx.core:core:1.13.1] AndroidManifest.xml:26:5-97
	android:name
		ADDED from [androidx.core:core:1.13.1] AndroidManifest.xml:26:22-94